0 info it worked if it ends with ok
1 verbose cli [ 'node', '/usr/local/bin/npm', 'install', 'inotify' ]
2 info using npm@2.1.10
3 info using node@v0.10.33
4 verbose node symlink /usr/local/bin/node
5 warn package.json filewatcher@1.0.0 No description
6 warn package.json filewatcher@1.0.0 No repository field.
7 warn package.json filewatcher@1.0.0 No README data
8 warn package.json nodegit@0.3.3 Non-dependency in bundleDependencies: node-pre-gyp
9 silly cache add args [ 'inotify', null ]
10 verbose cache add spec inotify
11 silly cache add parsed spec { raw: 'inotify',
11 silly cache add   scope: null,
11 silly cache add   name: 'inotify',
11 silly cache add   rawSpec: '',
11 silly cache add   spec: '*',
11 silly cache add   type: 'range' }
12 verbose addNamed inotify@*
13 silly addNamed semver.valid null
14 silly addNamed semver.validRange *
15 silly addNameRange { name: 'inotify', range: '*', hasData: false }
16 silly mapToRegistry name inotify
17 silly mapToRegistry using default registry
18 silly mapToRegistry registry https://registry.npmjs.org/
19 silly mapToRegistry uri https://registry.npmjs.org/inotify
20 verbose addNameRange registry:https://registry.npmjs.org/inotify not in flight; fetching
21 verbose request uri https://registry.npmjs.org/inotify
22 verbose request no auth needed
23 info attempt registry request try #1 at 14:18:55
24 verbose request id c6d8572b980ac422
25 verbose etag "94HUNFFESEBZZJU0DTNNNRW11"
26 http request GET https://registry.npmjs.org/inotify
27 http 304 https://registry.npmjs.org/inotify
28 silly get cb [ 304,
28 silly get   { date: 'Thu, 19 Mar 2015 18:18:55 GMT',
28 silly get     server: 'Apache',
28 silly get     via: '1.1 varnish',
28 silly get     'last-modified': 'Thu, 19 Mar 2015 18:18:55 GMT',
28 silly get     'cache-control': 'max-age=60',
28 silly get     etag: '"94HUNFFESEBZZJU0DTNNNRW11"',
28 silly get     age: '0',
28 silly get     'x-served-by': 'cache-atl6226-ATL',
28 silly get     'x-cache': 'MISS',
28 silly get     'x-cache-hits': '0',
28 silly get     'x-timer': 'S1426789135.384444,VS0,VE27',
28 silly get     vary: 'Accept',
28 silly get     'content-length': '0',
28 silly get     'keep-alive': 'timeout=10, max=50',
28 silly get     connection: 'Keep-Alive' } ]
29 verbose etag https://registry.npmjs.org/inotify from cache
30 silly addNameRange number 2 { name: 'inotify', range: '*', hasData: true }
31 silly addNameRange versions [ 'inotify',
31 silly addNameRange   [ '0.1.2',
31 silly addNameRange     '0.1.3',
31 silly addNameRange     '0.1.4',
31 silly addNameRange     '0.1.5',
31 silly addNameRange     '0.1.6',
31 silly addNameRange     '0.1.7',
31 silly addNameRange     '0.1.8',
31 silly addNameRange     '0.2.0',
31 silly addNameRange     '0.2.1',
31 silly addNameRange     '0.2.2',
31 silly addNameRange     '1.0.0',
31 silly addNameRange     '1.1.0',
31 silly addNameRange     '1.2.0',
31 silly addNameRange     '1.2.1' ] ]
32 verbose addNamed inotify@1.2.1
33 silly addNamed semver.valid 1.2.1
34 silly addNamed semver.validRange 1.2.1
35 silly cache afterAdd inotify@1.2.1
36 verbose afterAdd /Users/jenniferleagarda/.npm/inotify/1.2.1/package/package.json not in flight; writing
37 verbose afterAdd /Users/jenniferleagarda/.npm/inotify/1.2.1/package/package.json written
38 silly install resolved [ { name: 'inotify',
38 silly install resolved     version: '1.2.1',
38 silly install resolved     author: { name: 'Camilo Aguilar', email: 'camilo@cloudescape.com' },
38 silly install resolved     email: 'camilo@cloudescape.com',
38 silly install resolved     keywords:
38 silly install resolved      [ 'inotify',
38 silly install resolved        'watch',
38 silly install resolved        'monitor',
38 silly install resolved        'watch files',
38 silly install resolved        'watch directories' ],
38 silly install resolved     description: 'inotify bindings for v8 javascript engine',
38 silly install resolved     repository: { type: 'git', url: 'http://github.com/c4milo/node-inotify' },
38 silly install resolved     engines: { node: '>=0.8' },
38 silly install resolved     main: 'inotify',
38 silly install resolved     scripts: { install: 'node-gyp rebuild' },
38 silly install resolved     gypfile: true,
38 silly install resolved     contributors: [ [Object], [Object], [Object], [Object], [Object], [Object] ],
38 silly install resolved     _id: 'inotify@1.2.1',
38 silly install resolved     dist:
38 silly install resolved      { shasum: 'dd3465d3739998cdfb1f1d5b0a38ca51478dfc32',
38 silly install resolved        tarball: 'http://registry.npmjs.org/inotify/-/inotify-1.2.1.tgz' },
38 silly install resolved     _from: 'inotify@*',
38 silly install resolved     _npmVersion: '1.2.14',
38 silly install resolved     _npmUser: { name: 'c4milo', email: 'camilo.aguilar@gmail.com' },
38 silly install resolved     maintainers: [ [Object], [Object] ],
38 silly install resolved     directories: {},
38 silly install resolved     _shasum: 'dd3465d3739998cdfb1f1d5b0a38ca51478dfc32',
38 silly install resolved     _resolved: 'https://registry.npmjs.org/inotify/-/inotify-1.2.1.tgz',
38 silly install resolved     bugs: { url: 'https://github.com/c4milo/node-inotify/issues' },
38 silly install resolved     readme: 'ERROR: No README data found!',
38 silly install resolved     homepage: 'https://github.com/c4milo/node-inotify' } ]
39 info install inotify@1.2.1 into /Users/jenniferleagarda/Desktop/Fullstack/Senior-Phase-Projects/filewatcher
40 info installOne inotify@1.2.1
41 verbose installOne of inotify to /Users/jenniferleagarda/Desktop/Fullstack/Senior-Phase-Projects/filewatcher not in flight; installing
42 verbose lock using /Users/jenniferleagarda/.npm/_locks/inotify-1742eba4b9dd3eec.lock for /Users/jenniferleagarda/Desktop/Fullstack/Senior-Phase-Projects/filewatcher/node_modules/inotify
43 silly install write writing inotify 1.2.1 to /Users/jenniferleagarda/Desktop/Fullstack/Senior-Phase-Projects/filewatcher/node_modules/inotify
44 silly cache addNamed cb inotify@1.2.1
45 verbose unbuild node_modules/inotify
46 verbose gentlyRm vacuuming /Users/jenniferleagarda/Desktop/Fullstack/Senior-Phase-Projects/filewatcher/node_modules/inotify
47 verbose tar unpack /Users/jenniferleagarda/.npm/inotify/1.2.1/package.tgz
48 verbose tar unpacking to /Users/jenniferleagarda/Desktop/Fullstack/Senior-Phase-Projects/filewatcher/node_modules/inotify
49 verbose gentlyRm vacuuming /Users/jenniferleagarda/Desktop/Fullstack/Senior-Phase-Projects/filewatcher/node_modules/inotify
50 silly gunzTarPerm modes [ '755', '644' ]
51 silly gunzTarPerm extractEntry package.json
52 silly gunzTarPerm extractEntry .npmignore
53 silly gunzTarPerm extractEntry README.md
54 silly gunzTarPerm extractEntry LICENSE
55 silly gunzTarPerm extractEntry example.js
56 silly gunzTarPerm extractEntry inotify.js
57 silly gunzTarPerm extractEntry AUTHORS
58 silly gunzTarPerm extractEntry binding.gyp
59 silly gunzTarPerm extractEntry src/bindings.cc
60 silly gunzTarPerm extractEntry src/bindings.h
61 silly gunzTarPerm extractEntry src/node_inotify.cc
62 silly gunzTarPerm extractEntry src/node_inotify.h
63 info preinstall inotify@1.2.1
64 silly install resolved []
65 verbose about to build /Users/jenniferleagarda/Desktop/Fullstack/Senior-Phase-Projects/filewatcher/node_modules/inotify
66 info build /Users/jenniferleagarda/Desktop/Fullstack/Senior-Phase-Projects/filewatcher/node_modules/inotify
67 verbose linkStuff [ false,
67 verbose linkStuff   false,
67 verbose linkStuff   false,
67 verbose linkStuff   '/Users/jenniferleagarda/Desktop/Fullstack/Senior-Phase-Projects/filewatcher/node_modules' ]
68 info linkStuff inotify@1.2.1
69 verbose linkBins inotify@1.2.1
70 verbose linkMans inotify@1.2.1
71 verbose rebuildBundles inotify@1.2.1
72 info install inotify@1.2.1
73 verbose unsafe-perm in lifecycle true
74 info inotify@1.2.1 Failed to exec install script
75 verbose unlock done using /Users/jenniferleagarda/.npm/_locks/inotify-1742eba4b9dd3eec.lock for /Users/jenniferleagarda/Desktop/Fullstack/Senior-Phase-Projects/filewatcher/node_modules/inotify
76 verbose stack Error: inotify@1.2.1 install: `node-gyp rebuild`
76 verbose stack Exit status 1
76 verbose stack     at EventEmitter.<anonymous> (/usr/local/lib/node_modules/npm/lib/utils/lifecycle.js:212:16)
76 verbose stack     at EventEmitter.emit (events.js:98:17)
76 verbose stack     at ChildProcess.<anonymous> (/usr/local/lib/node_modules/npm/lib/utils/spawn.js:14:12)
76 verbose stack     at ChildProcess.emit (events.js:98:17)
76 verbose stack     at maybeClose (child_process.js:756:16)
76 verbose stack     at Process.ChildProcess._handle.onexit (child_process.js:823:5)
77 verbose pkgid inotify@1.2.1
78 verbose cwd /Users/jenniferleagarda/Desktop/Fullstack/Senior-Phase-Projects/filewatcher
79 error Darwin 14.0.0
80 error argv "node" "/usr/local/bin/npm" "install" "inotify"
81 error node v0.10.33
82 error npm  v2.1.10
83 error code ELIFECYCLE
84 error inotify@1.2.1 install: `node-gyp rebuild`
84 error Exit status 1
85 error Failed at the inotify@1.2.1 install script 'node-gyp rebuild'.
85 error This is most likely a problem with the inotify package,
85 error not with npm itself.
85 error Tell the author that this fails on your system:
85 error     node-gyp rebuild
85 error You can get their info via:
85 error     npm owner ls inotify
85 error There is likely additional logging output above.
86 verbose exit [ 1, true ]
87 verbose unbuild node_modules/inotify
88 info preuninstall inotify@1.2.1
89 info uninstall inotify@1.2.1
90 verbose unbuild rmStuff inotify@1.2.1 from /Users/jenniferleagarda/Desktop/Fullstack/Senior-Phase-Projects/filewatcher/node_modules
91 info postuninstall inotify@1.2.1
92 verbose gentlyRm vacuuming /Users/jenniferleagarda/Desktop/Fullstack/Senior-Phase-Projects/filewatcher/node_modules/inotify
93 silly gentlyRm purging /Users/jenniferleagarda/Desktop/Fullstack/Senior-Phase-Projects/filewatcher/node_modules/inotify
94 silly gentlyRm quitting because other entries in /Users/jenniferleagarda/Desktop/Fullstack/Senior-Phase-Projects/filewatcher/node_modules
